{"sessionId":"14ec27","id":"log_lex_1772196408584","timestamp":1772196408584,"location":"src/lex.rs:265","message":"start_ident","data":{"char":"v","codepoint":118},"runId":"pre-fix-unicode","hypothesisId":"LEX-H2"}
{"sessionId":"14ec27","id":"log_lex_1772196408585","timestamp":1772196408585,"location":"src/lex.rs:326","message":"ident_literal","data":{"literal":"var"},"runId":"pre-fix-unicode","hypothesisId":"LEX-H2"}
{"sessionId":"14ec27","id":"log_lex_1772196408585","timestamp":1772196408585,"location":"src/lex.rs:265","message":"start_ident","data":{"char":"आ","codepoint":2310},"runId":"pre-fix-unicode","hypothesisId":"LEX-H2"}
{"sessionId":"14ec27","id":"log_lex_1772196408593","timestamp":1772196408593,"location":"src/lex.rs:326","message":"ident_literal","data":{"literal":"आरम्भ"},"runId":"pre-fix-unicode","hypothesisId":"LEX-H2"}
{"sessionId":"14ec27","id":"log_lex_1772196408594","timestamp":1772196408594,"location":"src/lex.rs:265","message":"start_ident","data":{"char":"v","codepoint":118},"runId":"pre-fix-unicode","hypothesisId":"LEX-H2"}
{"sessionId":"14ec27","id":"log_lex_1772196408594","timestamp":1772196408594,"location":"src/lex.rs:326","message":"ident_literal","data":{"literal":"var"},"runId":"pre-fix-unicode","hypothesisId":"LEX-H2"}
{"sessionId":"14ec27","id":"log_lex_1772196408594","timestamp":1772196408594,"location":"src/lex.rs:265","message":"start_ident","data":{"char":"स","codepoint":2360},"runId":"pre-fix-unicode","hypothesisId":"LEX-H2"}
{"sessionId":"14ec27","id":"log_lex_1772196408595","timestamp":1772196408595,"location":"src/lex.rs:326","message":"ident_literal","data":{"literal":"सीमा"},"runId":"pre-fix-unicode","hypothesisId":"LEX-H2"}
{"sessionId":"14ec27","id":"log_lex_1772196408595","timestamp":1772196408595,"location":"src/lex.rs:265","message":"start_ident","data":{"char":"w","codepoint":119},"runId":"pre-fix-unicode","hypothesisId":"LEX-H2"}
{"sessionId":"14ec27","id":"log_lex_1772196408595","timestamp":1772196408595,"location":"src/lex.rs:326","message":"ident_literal","data":{"literal":"while"},"runId":"pre-fix-unicode","hypothesisId":"LEX-H2"}
{"sessionId":"14ec27","id":"log_lex_1772196408596","timestamp":1772196408596,"location":"src/lex.rs:265","message":"start_ident","data":{"char":"आ","codepoint":2310},"runId":"pre-fix-unicode","hypothesisId":"LEX-H2"}
{"sessionId":"14ec27","id":"log_lex_1772196408596","timestamp":1772196408596,"location":"src/lex.rs:326","message":"ident_literal","data":{"literal":"आरम्भ"},"runId":"pre-fix-unicode","hypothesisId":"LEX-H2"}
{"sessionId":"14ec27","id":"log_lex_1772196408596","timestamp":1772196408596,"location":"src/lex.rs:265","message":"start_ident","data":{"char":"स","codepoint":2360},"runId":"pre-fix-unicode","hypothesisId":"LEX-H2"}
{"sessionId":"14ec27","id":"log_lex_1772196408596","timestamp":1772196408596,"location":"src/lex.rs:326","message":"ident_literal","data":{"literal":"सीमा"},"runId":"pre-fix-unicode","hypothesisId":"LEX-H2"}
{"sessionId":"14ec27","id":"log_lex_1772196408597","timestamp":1772196408597,"location":"src/lex.rs:265","message":"start_ident","data":{"char":"p","codepoint":112},"runId":"pre-fix-unicode","hypothesisId":"LEX-H2"}
{"sessionId":"14ec27","id":"log_lex_1772196408597","timestamp":1772196408597,"location":"src/lex.rs:326","message":"ident_literal","data":{"literal":"print"},"runId":"pre-fix-unicode","hypothesisId":"LEX-H2"}
{"sessionId":"14ec27","id":"log_lex_1772196408598","timestamp":1772196408598,"location":"src/lex.rs:265","message":"start_ident","data":{"char":"आ","codepoint":2310},"runId":"pre-fix-unicode","hypothesisId":"LEX-H2"}
{"sessionId":"14ec27","id":"log_lex_1772196408598","timestamp":1772196408598,"location":"src/lex.rs:326","message":"ident_literal","data":{"literal":"आरम्भ"},"runId":"pre-fix-unicode","hypothesisId":"LEX-H2"}
{"sessionId":"14ec27","id":"log_lex_1772196408598","timestamp":1772196408598,"location":"src/lex.rs:265","message":"start_ident","data":{"char":"आ","codepoint":2310},"runId":"pre-fix-unicode","hypothesisId":"LEX-H2"}
{"sessionId":"14ec27","id":"log_lex_1772196408599","timestamp":1772196408599,"location":"src/lex.rs:326","message":"ident_literal","data":{"literal":"आरम्भ"},"runId":"pre-fix-unicode","hypothesisId":"LEX-H2"}
{"sessionId":"14ec27","id":"log_lex_1772196408599","timestamp":1772196408599,"location":"src/lex.rs:265","message":"start_ident","data":{"char":"आ","codepoint":2310},"runId":"pre-fix-unicode","hypothesisId":"LEX-H2"}
{"sessionId":"14ec27","id":"log_lex_1772196408599","timestamp":1772196408599,"location":"src/lex.rs:326","message":"ident_literal","data":{"literal":"आरम्भ"},"runId":"pre-fix-unicode","hypothesisId":"LEX-H2"}
{"sessionId":"14ec27","id":"log_lex_1772196408600","timestamp":1772196408600,"location":"src/lex.rs:265","message":"start_ident","data":{"char":"v","codepoint":118},"runId":"pre-fix-unicode","hypothesisId":"LEX-H2"}
{"sessionId":"14ec27","id":"log_lex_1772196408600","timestamp":1772196408600,"location":"src/lex.rs:326","message":"ident_literal","data":{"literal":"var"},"runId":"pre-fix-unicode","hypothesisId":"LEX-H2"}
{"sessionId":"14ec27","id":"log_lex_1772196408600","timestamp":1772196408600,"location":"src/lex.rs:265","message":"start_ident","data":{"char":"t","codepoint":116},"runId":"pre-fix-unicode","hypothesisId":"LEX-H2"}
{"sessionId":"14ec27","id":"log_lex_1772196408601","timestamp":1772196408601,"location":"src/lex.rs:326","message":"ident_literal","data":{"literal":"true_ध्वज"},"runId":"pre-fix-unicode","hypothesisId":"LEX-H2"}
{"sessionId":"14ec27","id":"log_lex_1772196408601","timestamp":1772196408601,"location":"src/lex.rs:265","message":"start_ident","data":{"char":"t","codepoint":116},"runId":"pre-fix-unicode","hypothesisId":"LEX-H2"}
{"sessionId":"14ec27","id":"log_lex_1772196408601","timestamp":1772196408601,"location":"src/lex.rs:326","message":"ident_literal","data":{"literal":"true"},"runId":"pre-fix-unicode","hypothesisId":"LEX-H2"}
{"sessionId":"14ec27","id":"log_lex_1772196408602","timestamp":1772196408602,"location":"src/lex.rs:265","message":"start_ident","data":{"char":"i","codepoint":105},"runId":"pre-fix-unicode","hypothesisId":"LEX-H2"}
{"sessionId":"14ec27","id":"log_lex_1772196408602","timestamp":1772196408602,"location":"src/lex.rs:326","message":"ident_literal","data":{"literal":"if"},"runId":"pre-fix-unicode","hypothesisId":"LEX-H2"}
{"sessionId":"14ec27","id":"log_lex_1772196408602","timestamp":1772196408602,"location":"src/lex.rs:265","message":"start_ident","data":{"char":"t","codepoint":116},"runId":"pre-fix-unicode","hypothesisId":"LEX-H2"}
{"sessionId":"14ec27","id":"log_lex_1772196408602","timestamp":1772196408602,"location":"src/lex.rs:326","message":"ident_literal","data":{"literal":"true_ध्वज"},"runId":"pre-fix-unicode","hypothesisId":"LEX-H2"}
{"sessionId":"14ec27","id":"log_lex_1772196408602","timestamp":1772196408602,"location":"src/lex.rs:265","message":"start_ident","data":{"char":"p","codepoint":112},"runId":"pre-fix-unicode","hypothesisId":"LEX-H2"}
{"sessionId":"14ec27","id":"log_lex_1772196408603","timestamp":1772196408603,"location":"src/lex.rs:326","message":"ident_literal","data":{"literal":"print"},"runId":"pre-fix-unicode","hypothesisId":"LEX-H2"}
{"sessionId":"14ec27","id":"log_lex_1772196408603","timestamp":1772196408603,"location":"src/lex.rs:265","message":"start_ident","data":{"char":"e","codepoint":101},"runId":"pre-fix-unicode","hypothesisId":"LEX-H2"}
{"sessionId":"14ec27","id":"log_lex_1772196408604","timestamp":1772196408604,"location":"src/lex.rs:326","message":"ident_literal","data":{"literal":"else"},"runId":"pre-fix-unicode","hypothesisId":"LEX-H2"}
{"sessionId":"14ec27","id":"log_lex_1772196408604","timestamp":1772196408604,"location":"src/lex.rs:265","message":"start_ident","data":{"char":"p","codepoint":112},"runId":"pre-fix-unicode","hypothesisId":"LEX-H2"}
{"sessionId":"14ec27","id":"log_lex_1772196408604","timestamp":1772196408604,"location":"src/lex.rs:326","message":"ident_literal","data":{"literal":"print"},"runId":"pre-fix-unicode","hypothesisId":"LEX-H2"}
{"sessionId":"14ec27","id":"log_lex_1772196449310","timestamp":1772196449310,"location":"src/lex.rs:265","message":"start_ident","data":{"char":"v","codepoint":118},"runId":"pre-fix-unicode","hypothesisId":"LEX-H2"}
{"sessionId":"14ec27","id":"log_lex_1772196449310","timestamp":1772196449310,"location":"src/lex.rs:326","message":"ident_literal","data":{"literal":"var"},"runId":"pre-fix-unicode","hypothesisId":"LEX-H2"}
{"sessionId":"14ec27","id":"log_lex_1772196449311","timestamp":1772196449311,"location":"src/lex.rs:265","message":"start_ident","data":{"char":"आ","codepoint":2310},"runId":"pre-fix-unicode","hypothesisId":"LEX-H2"}
{"sessionId":"14ec27","id":"log_lex_1772196449311","timestamp":1772196449311,"location":"src/lex.rs:326","message":"ident_literal","data":{"literal":"आरम्भ"},"runId":"pre-fix-unicode","hypothesisId":"LEX-H2"}
{"sessionId":"14ec27","id":"log_lex_1772196449311","timestamp":1772196449311,"location":"src/lex.rs:265","message":"start_ident","data":{"char":"v","codepoint":118},"runId":"pre-fix-unicode","hypothesisId":"LEX-H2"}
{"sessionId":"14ec27","id":"log_lex_1772196449312","timestamp":1772196449312,"location":"src/lex.rs:326","message":"ident_literal","data":{"literal":"var"},"runId":"pre-fix-unicode","hypothesisId":"LEX-H2"}
{"sessionId":"14ec27","id":"log_lex_1772196449312","timestamp":1772196449312,"location":"src/lex.rs:265","message":"start_ident","data":{"char":"स","codepoint":2360},"runId":"pre-fix-unicode","hypothesisId":"LEX-H2"}
{"sessionId":"14ec27","id":"log_lex_1772196449312","timestamp":1772196449312,"location":"src/lex.rs:326","message":"ident_literal","data":{"literal":"सीमा"},"runId":"pre-fix-unicode","hypothesisId":"LEX-H2"}
{"sessionId":"14ec27","id":"log_lex_1772196449313","timestamp":1772196449313,"location":"src/lex.rs:265","message":"start_ident","data":{"char":"w","codepoint":119},"runId":"pre-fix-unicode","hypothesisId":"LEX-H2"}
{"sessionId":"14ec27","id":"log_lex_1772196449313","timestamp":1772196449313,"location":"src/lex.rs:326","message":"ident_literal","data":{"literal":"while"},"runId":"pre-fix-unicode","hypothesisId":"LEX-H2"}
{"sessionId":"14ec27","id":"log_lex_1772196449313","timestamp":1772196449313,"location":"src/lex.rs:265","message":"start_ident","data":{"char":"आ","codepoint":2310},"runId":"pre-fix-unicode","hypothesisId":"LEX-H2"}
{"sessionId":"14ec27","id":"log_lex_1772196449313","timestamp":1772196449313,"location":"src/lex.rs:326","message":"ident_literal","data":{"literal":"आरम्भ"},"runId":"pre-fix-unicode","hypothesisId":"LEX-H2"}
{"sessionId":"14ec27","id":"log_lex_1772196449314","timestamp":1772196449314,"location":"src/lex.rs:265","message":"start_ident","data":{"char":"स","codepoint":2360},"runId":"pre-fix-unicode","hypothesisId":"LEX-H2"}
{"sessionId":"14ec27","id":"log_lex_1772196449314","timestamp":1772196449314,"location":"src/lex.rs:326","message":"ident_literal","data":{"literal":"सीमा"},"runId":"pre-fix-unicode","hypothesisId":"LEX-H2"}
{"sessionId":"14ec27","id":"log_lex_1772196449314","timestamp":1772196449314,"location":"src/lex.rs:265","message":"start_ident","data":{"char":"p","codepoint":112},"runId":"pre-fix-unicode","hypothesisId":"LEX-H2"}
{"sessionId":"14ec27","id":"log_lex_1772196449315","timestamp":1772196449315,"location":"src/lex.rs:326","message":"ident_literal","data":{"literal":"print"},"runId":"pre-fix-unicode","hypothesisId":"LEX-H2"}
{"sessionId":"14ec27","id":"log_lex_1772196449315","timestamp":1772196449315,"location":"src/lex.rs:265","message":"start_ident","data":{"char":"आ","codepoint":2310},"runId":"pre-fix-unicode","hypothesisId":"LEX-H2"}
{"sessionId":"14ec27","id":"log_lex_1772196449315","timestamp":1772196449315,"location":"src/lex.rs:326","message":"ident_literal","data":{"literal":"आरम्भ"},"runId":"pre-fix-unicode","hypothesisId":"LEX-H2"}
{"sessionId":"14ec27","id":"log_lex_1772196449315","timestamp":1772196449315,"location":"src/lex.rs:265","message":"start_ident","data":{"char":"आ","codepoint":2310},"runId":"pre-fix-unicode","hypothesisId":"LEX-H2"}
{"sessionId":"14ec27","id":"log_lex_1772196449316","timestamp":1772196449316,"location":"src/lex.rs:326","message":"ident_literal","data":{"literal":"आरम्भ"},"runId":"pre-fix-unicode","hypothesisId":"LEX-H2"}
{"sessionId":"14ec27","id":"log_lex_1772196449316","timestamp":1772196449316,"location":"src/lex.rs:265","message":"start_ident","data":{"char":"आ","codepoint":2310},"runId":"pre-fix-unicode","hypothesisId":"LEX-H2"}
{"sessionId":"14ec27","id":"log_lex_1772196449316","timestamp":1772196449316,"location":"src/lex.rs:326","message":"ident_literal","data":{"literal":"आरम्भ"},"runId":"pre-fix-unicode","hypothesisId":"LEX-H2"}
{"sessionId":"14ec27","id":"log_lex_1772196449316","timestamp":1772196449316,"location":"src/lex.rs:265","message":"start_ident","data":{"char":"v","codepoint":118},"runId":"pre-fix-unicode","hypothesisId":"LEX-H2"}
{"sessionId":"14ec27","id":"log_lex_1772196449317","timestamp":1772196449317,"location":"src/lex.rs:326","message":"ident_literal","data":{"literal":"var"},"runId":"pre-fix-unicode","hypothesisId":"LEX-H2"}
{"sessionId":"14ec27","id":"log_lex_1772196449317","timestamp":1772196449317,"location":"src/lex.rs:265","message":"start_ident","data":{"char":"t","codepoint":116},"runId":"pre-fix-unicode","hypothesisId":"LEX-H2"}
{"sessionId":"14ec27","id":"log_lex_1772196449317","timestamp":1772196449317,"location":"src/lex.rs:326","message":"ident_literal","data":{"literal":"true_ध्वज"},"runId":"pre-fix-unicode","hypothesisId":"LEX-H2"}
{"sessionId":"14ec27","id":"log_lex_1772196449317","timestamp":1772196449317,"location":"src/lex.rs:265","message":"start_ident","data":{"char":"t","codepoint":116},"runId":"pre-fix-unicode","hypothesisId":"LEX-H2"}
{"sessionId":"14ec27","id":"log_lex_1772196449318","timestamp":1772196449318,"location":"src/lex.rs:326","message":"ident_literal","data":{"literal":"true"},"runId":"pre-fix-unicode","hypothesisId":"LEX-H2"}
{"sessionId":"14ec27","id":"log_lex_1772196449318","timestamp":1772196449318,"location":"src/lex.rs:265","message":"start_ident","data":{"char":"i","codepoint":105},"runId":"pre-fix-unicode","hypothesisId":"LEX-H2"}
{"sessionId":"14ec27","id":"log_lex_1772196449318","timestamp":1772196449318,"location":"src/lex.rs:326","message":"ident_literal","data":{"literal":"if"},"runId":"pre-fix-unicode","hypothesisId":"LEX-H2"}
{"sessionId":"14ec27","id":"log_lex_1772196449319","timestamp":1772196449319,"location":"src/lex.rs:265","message":"start_ident","data":{"char":"t","codepoint":116},"runId":"pre-fix-unicode","hypothesisId":"LEX-H2"}
{"sessionId":"14ec27","id":"log_lex_1772196449320","timestamp":1772196449320,"location":"src/lex.rs:326","message":"ident_literal","data":{"literal":"true_ध्वज"},"runId":"pre-fix-unicode","hypothesisId":"LEX-H2"}
{"sessionId":"14ec27","id":"log_lex_1772196449320","timestamp":1772196449320,"location":"src/lex.rs:265","message":"start_ident","data":{"char":"p","codepoint":112},"runId":"pre-fix-unicode","hypothesisId":"LEX-H2"}
{"sessionId":"14ec27","id":"log_lex_1772196449321","timestamp":1772196449321,"location":"src/lex.rs:326","message":"ident_literal","data":{"literal":"print"},"runId":"pre-fix-unicode","hypothesisId":"LEX-H2"}
{"sessionId":"14ec27","id":"log_lex_1772196449321","timestamp":1772196449321,"location":"src/lex.rs:265","message":"start_ident","data":{"char":"e","codepoint":101},"runId":"pre-fix-unicode","hypothesisId":"LEX-H2"}
{"sessionId":"14ec27","id":"log_lex_1772196449321","timestamp":1772196449321,"location":"src/lex.rs:326","message":"ident_literal","data":{"literal":"else"},"runId":"pre-fix-unicode","hypothesisId":"LEX-H2"}
{"sessionId":"14ec27","id":"log_lex_1772196449321","timestamp":1772196449321,"location":"src/lex.rs:265","message":"start_ident","data":{"char":"p","codepoint":112},"runId":"pre-fix-unicode","hypothesisId":"LEX-H2"}
{"sessionId":"14ec27","id":"log_lex_1772196449322","timestamp":1772196449322,"location":"src/lex.rs:326","message":"ident_literal","data":{"literal":"print"},"runId":"pre-fix-unicode","hypothesisId":"LEX-H2"}
